<?xml version="1.0" encoding="UTF-8"?>
<!-- Generated by org.testng.reporters.JUnitXMLReporter -->
<testsuite hostname="Stephanies-MacBook-Air.local" ignored="0" name="Test" tests="1" failures="1" timestamp="22 Dec 2018 03:00:12 GMT" time="0.028" errors="0">
  <testcase name="setup" time="0.005" classname="maven.project.BaseClass">
    <failure type="java.lang.NullPointerException">
      <![CDATA[java.lang.NullPointerException
at maven.project.BaseClass.setup(BaseClass.java:16)
... Removed 29 stack frames]]>
    </failure>
  </testcase> <!-- setup -->
</testsuite> <!-- Test -->
