-------------------------------------------------------------------------------
Test set: TestSuite
-------------------------------------------------------------------------------
Tests run: 1, Failures: 1, Errors: 0, Skipped: 0, Time elapsed: 0.347 s <<< FAILURE! - in TestSuite
setup(maven.project.BaseClass)  Time elapsed: 0.01 s  <<< FAILURE!
java.lang.NullPointerException
	at maven.project.BaseClass.setup(BaseClass.java:16)

